<?xml version="1.0" encoding="UTF-8"?>
<!-- Generated by org.testng.reporters.JUnitXMLReporter -->
<testsuite hostname="DESKTOP-63ITJU5" ignored="0" name="Test Delivery" tests="1" failures="0" timestamp="01 Jun 2021 09:54:57 GMT" time="167.103" errors="0">
  <testcase name="@BeforeTest initialize" time="0.0" classname="Resources.Base">
    <failure type="org.openqa.selenium.WebDriverException" message="unknown error (An unknown server-side error occurred. status=&amp;apos;false&amp;apos;. Failed to complete internal method: &amp;apos;launch args: [chrome:http://qa3.chilis.com/, false, false]&amp;apos;, details: Failed to launch URL: chrome:http://qa3.chilis.com/. Failed to init Chrome client. . Failed to create chrome debug client)  (WARNING: The server did not provide any stacktrace information)
Command duration or timeout: 0 milliseconds
Build info: version: &amp;apos;3.12.0&amp;apos;, revision: &amp;apos;7c6e0b3&amp;apos;, time: &amp;apos;2018-05-08T14:04:26.12Z&amp;apos;
System info: host: &amp;apos;DESKTOP-63ITJU5&amp;apos;, ip: &amp;apos;192.168.0.106&amp;apos;, os.name: &amp;apos;Windows 10&amp;apos;, os.arch: &amp;apos;amd64&amp;apos;, os.version: &amp;apos;10.0&amp;apos;, java.version: &amp;apos;1.8.0_271&amp;apos;
Driver info: io.appium.java_client.android.AndroidDriver
Capabilities {appBuildVersion: , appReleaseVersion: , appiumVersion: 1.8.0, applicationClearData: false, autoAcceptAlerts: false, autoDismissAlerts: false, autoGrantPermissions: false, autoWebview: false, browserName: Chromium, cloudViewLink: https://de-1.seetest.io:443..., commandTimeouts: 120000, desired: {browserName: Chromium, deviceQuery: @os=&amp;apos;android&amp;apos; and @version=..., platformName: Android, testName: Quick Start Android Browser...}, device.category: PHONE, device.majorVersion: 10, device.manufacture: HUAWEI, device.model: ELE-L29, device.name: Huawei P30 Pro IO-DE 25, device.os: Android, device.screenSize: 1080x2340, device.serialNumber: XPHDU20218002330, device.version: 10, deviceQuery: @os=&amp;apos;android&amp;apos; and @version=..., deviceUDID: XPHDU20218002330, dontGoHomeOnQuit: false, dontStopAppOnReset: false, ehmPrefixUrl: /agent-10326443, ehmUrl: https://de-1.seetest.io:443..., fullReset: false, gridNodePort: 7844, install.only.for.update: false, installOnlyForUpdate: false, instrumentApp: false, javascriptEnabled: true, keystorePath: ~/.android/debug.keystore, locationServicesAuthorized: false, newSessionWaitTimeout: 600.0, noReset: false, platform: ANDROID, platformName: Android, projectName: , reportDirectory: reports, reportFormat: xml, reportTestId: 1156.0, reportUrl: https://cloud.seetest.io:44..., reservationDuration: 240.0, takeScreenshots: true, test.type: Mobile, testName: Quick Start Android Browser..., udid: XPHDU20218002330, useKeystore: false, waitForDeviceTimeout: 120000.0}
Session ID: CLOUD-SID:2021-06-01_05-52-12-3831e6a7-6a22-49c8-bd5f-cbd3d4acaf36">
      <![CDATA[org.openqa.selenium.WebDriverException: unknown error (An unknown server-side error occurred. status='false'. Failed to complete internal method: 'launch args: [chrome:http://qa3.chilis.com/, false, false]', details: Failed to launch URL: chrome:http://qa3.chilis.com/. Failed to init Chrome client. . Failed to create chrome debug client)  (WARNING: The server did not provide any stacktrace information)
Command duration or timeout: 0 milliseconds
Build info: version: '3.12.0', revision: '7c6e0b3', time: '2018-05-08T14:04:26.12Z'
System info: host: 'DESKTOP-63ITJU5', ip: '192.168.0.106', os.name: 'Windows 10', os.arch: 'amd64', os.version: '10.0', java.version: '1.8.0_271'
Driver info: io.appium.java_client.android.AndroidDriver
Capabilities {appBuildVersion: , appReleaseVersion: , appiumVersion: 1.8.0, applicationClearData: false, autoAcceptAlerts: false, autoDismissAlerts: false, autoGrantPermissions: false, autoWebview: false, browserName: Chromium, cloudViewLink: https://de-1.seetest.io:443..., commandTimeouts: 120000, desired: {browserName: Chromium, deviceQuery: @os='android' and @version=..., platformName: Android, testName: Quick Start Android Browser...}, device.category: PHONE, device.majorVersion: 10, device.manufacture: HUAWEI, device.model: ELE-L29, device.name: Huawei P30 Pro IO-DE 25, device.os: Android, device.screenSize: 1080x2340, device.serialNumber: XPHDU20218002330, device.version: 10, deviceQuery: @os='android' and @version=..., deviceUDID: XPHDU20218002330, dontGoHomeOnQuit: false, dontStopAppOnReset: false, ehmPrefixUrl: /agent-10326443, ehmUrl: https://de-1.seetest.io:443..., fullReset: false, gridNodePort: 7844, install.only.for.update: false, installOnlyForUpdate: false, instrumentApp: false, javascriptEnabled: true, keystorePath: ~/.android/debug.keystore, locationServicesAuthorized: false, newSessionWaitTimeout: 600.0, noReset: false, platform: ANDROID, platformName: Android, projectName: , reportDirectory: reports, reportFormat: xml, reportTestId: 1156.0, reportUrl: https://cloud.seetest.io:44..., reservationDuration: 240.0, takeScreenshots: true, test.type: Mobile, testName: Quick Start Android Browser..., udid: XPHDU20218002330, useKeystore: false, waitForDeviceTimeout: 120000.0}
Session ID: CLOUD-SID:2021-06-01_05-52-12-3831e6a7-6a22-49c8-bd5f-cbd3d4acaf36
	at org.openqa.selenium.remote.ErrorHandler.createThrowable(ErrorHandler.java:214)
	at org.openqa.selenium.remote.ErrorHandler.throwIfResponseFailed(ErrorHandler.java:166)
	at org.openqa.selenium.remote.http.JsonHttpResponseCodec.reconstructValue(JsonHttpResponseCodec.java:40)
	at org.openqa.selenium.remote.http.AbstractHttpResponseCodec.decode(AbstractHttpResponseCodec.java:80)
	at org.openqa.selenium.remote.http.AbstractHttpResponseCodec.decode(AbstractHttpResponseCodec.java:44)
	at org.openqa.selenium.remote.HttpCommandExecutor.execute(HttpCommandExecutor.java:158)
	at io.appium.java_client.remote.AppiumCommandExecutor.execute(AppiumCommandExecutor.java:231)
	at org.openqa.selenium.remote.RemoteWebDriver.execute(RemoteWebDriver.java:543)
	at io.appium.java_client.DefaultGenericMobileDriver.execute(DefaultGenericMobileDriver.java:42)
	at io.appium.java_client.AppiumDriver.execute(AppiumDriver.java:1)
	at io.appium.java_client.android.AndroidDriver.execute(AndroidDriver.java:1)
	at org.openqa.selenium.remote.RemoteWebDriver.get(RemoteWebDriver.java:271)
	at Resources.Base.initialize(Base.java:57)
... Removed 27 stack frames]]>
    </failure>
  </testcase> <!-- @BeforeTest initialize -->
  <testcase name="@AfterTest tearDown" time="0.0" classname="Resources.Base">
    <skipped/>
  </testcase> <!-- @AfterTest tearDown -->
  <testcase name="testMcaDeliveryLaterToday" time="0.009" classname="TestScripts.TestMcaDeliveryLaterToday">
    <skipped/>
  </testcase> <!-- testMcaDeliveryLaterToday -->
</testsuite> <!-- Test Delivery -->
